<?xml version="1.0" encoding="UTF-8"?>
<metadata modelVersion="1.1.0">
    <groupId>io.micronaut</groupId>
    <artifactId>micronaut-bom</artifactId>
    <versioning>
        <latest>3.8.6</latest>
        <release>3.8.6</release>
        <versions>
            <version>1.0.0.RC3</version>
            <version>1.0.0</version>
            <version>1.0.1</version>
            <version>1.0.2</version>
            <version>1.0.3</version>
            <version>1.0.4</version>
            <version>1.0.5</version>
            <version>1.1.0.M1</version>
            <version>1.1.0.M2</version>
            <version>1.1.0.RC1</version>
            <version>1.1.0.RC2</version>
            <version>1.1.0</version>
            <version>1.1.1</version>
            <version>1.1.2</version>
            <version>1.1.3</version>
            <version>1.1.4</version>
            <version>1.2.0.RC1</version>
            <version>1.2.0.RC2</version>
            <version>1.2.0</version>
            <version>1.2.1</version>
            <version>1.2.2</version>
            <version>1.2.3</version>
            <version>1.2.4</version>
            <version>1.2.5</version>
            <version>1.2.6</version>
            <version>1.2.7</version>
            <version>1.2.8</version>
            <version>1.2.9</version>
            <version>1.2.10</version>
            <version>1.2.11</version>
            <version>1.3.0.M1</version>
            <version>1.3.0.M2</version>
            <version>1.3.0.RC1</version>
            <version>1.3.0</version>
            <version>1.3.1</version>
            <version>1.3.2</version>
            <version>1.3.3</version>
            <version>1.3.4</version>
            <version>1.3.5</version>
            <version>1.3.6</version>
            <version>1.3.7</version>
            <version>2.0.0.M1</version>
            <version>2.0.0.M2</version>
            <version>2.0.0.M3</version>
            <version>2.0.0.RC1</version>
            <version>2.0.0.RC2</version>
            <version>2.0.0</version>
            <version>2.0.1</version>
            <version>2.0.2</version>
            <version>2.0.3</version>
            <version>2.1.0</version>
            <version>2.1.1</version>
            <version>2.1.2</version>
            <version>2.1.3</version>
            <version>2.1.4</version>
            <version>2.2.0</version>
            <version>2.2.1</version>
            <version>2.2.2</version>
            <version>2.2.3</version>
            <version>2.3.0</version>
            <version>2.3.1</version>
            <version>2.3.2</version>
            <version>2.3.3</version>
            <version>2.3.4</version>
            <version>2.4.0</version>
            <version>2.4.1</version>
            <version>2.4.2</version>
            <version>2.4.3</version>
            <version>2.4.4</version>
            <version>2.5.0</version>
            <version>2.5.1</version>
            <version>2.5.2</version>
            <version>2.5.3</version>
            <version>2.5.4</version>
            <version>2.5.5</version>
            <version>2.5.6</version>
            <version>2.5.7</version>
            <version>2.5.8</version>
            <version>2.5.9</version>
            <version>2.5.10</version>
            <version>2.5.11</version>
            <version>2.5.12</version>
            <version>2.5.13</version>
            <version>3.0.0-M1</version>
            <version>3.0.0-M2</version>
            <version>3.0.0-M3</version>
            <version>3.0.0-M4</version>
            <version>3.0.0-M5</version>
            <version>3.0.0-RC1</version>
            <version>3.0.0</version>
            <version>3.0.1</version>
            <version>3.0.2</version>
            <version>3.0.3</version>
            <version>3.1.0</version>
            <version>3.1.1</version>
            <version>3.1.2</version>
            <version>3.1.3</version>
            <version>3.1.4</version>
            <version>3.2.0</version>
            <version>3.2.1</version>
            <version>3.2.2</version>
            <version>3.2.3</version>
            <version>3.2.4</version>
            <version>3.2.5</version>
            <version>3.2.6</version>
            <version>3.2.7</version>
            <version>3.3.0-M1</version>
            <version>3.3.0</version>
            <version>3.3.1</version>
            <version>3.3.2</version>
            <version>3.3.3</version>
            <version>3.3.4</version>
            <version>3.4.0</version>
            <version>3.4.1</version>
            <version>3.4.2</version>
            <version>3.4.3</version>
            <version>3.4.4</version>
            <version>3.5.0</version>
            <version>3.5.1</version>
            <version>3.5.2</version>
            <version>3.5.3</version>
            <version>3.5.4</version>
            <version>3.5.5</version>
            <version>3.5.6</version>
            <version>3.5.7</version>
            <version>3.6.0</version>
            <version>3.6.1</version>
            <version>3.6.2</version>
            <version>3.6.3</version>
            <version>3.6.4</version>
            <version>3.6.5</version>
            <version>3.6.6</version>
            <version>3.7.0</version>
            <version>3.7.1</version>
            <version>3.7.2</version>
            <version>3.7.3</version>
            <version>3.7.4</version>
            <version>3.7.5</version>
            <version>3.7.6</version>
            <version>3.7.7</version>
            <version>3.8.0</version>
            <version>3.8.1</version>
            <version>3.8.2</version>
            <version>3.8.3</version>
            <version>3.8.4</version>
            <version>3.8.5</version>
            <version>3.8.6</version>
        </versions>
        <lastUpdated>20230227203150</lastUpdated>
    </versioning>
</metadata>
